0 info it worked if it ends with ok
1 verbose cli [ 'C:\\Program Files\\nodejs\\node.exe',
1 verbose cli   'C:\\Program Files\\nodejs\\node_modules\\npm\\bin\\npm-cli.js',
1 verbose cli   'completion',
1 verbose cli   '--color',
1 verbose cli   'false',
1 verbose cli   '--loglevel',
1 verbose cli   'error',
1 verbose cli   '--',
1 verbose cli   'npm',
1 verbose cli   'ap' ]
2 info using npm@1.3.21
3 info using node@v0.10.24
4 error Error: npm completion not supported on windows
4 error     at EventEmitter.completion (C:\Program Files\nodejs\node_modules\npm\lib\completion.js:52:13)
4 error     at Object.commandCache.(anonymous function) (C:\Program Files\nodejs\node_modules\npm\lib\npm.js:194:11)
4 error     at EventEmitter.<anonymous> (C:\Program Files\nodejs\node_modules\npm\bin\npm-cli.js:83:28)
4 error     at process._tickCallback (node.js:415:13)
5 error If you need help, you may report this *entire* log,
5 error including the npm and node versions, at:
5 error     <http://github.com/isaacs/npm/issues>
6 error System Windows_NT 6.2.9200
7 error command "C:\\Program Files\\nodejs\\node.exe" "C:\\Program Files\\nodejs\\node_modules\\npm\\bin\\npm-cli.js" "completion" "--color" "false" "--loglevel" "error" "--" "npm" "ap"
8 error cwd C:\Users\Robin\Dropbox\dev\src\js\HandlebarsViewer
9 error node -v v0.10.24
10 error npm -v 1.3.21
11 error code ENOTSUP
12 error errno 129
13 verbose exit [ 129, true ]
